Remember that you can report errors and get help in https://github.com/NicoSantangelo/sublime-gulp

07-01-2016 13:15:
/Users/maksimlevedev/Library/Application Support/Sublime Text 3/Packages/Gulp/write_tasks_to_cache.js:31
        throw ex;
        ^

TypeError: Path must be a string. Received undefined
    at assertPath (path.js:7:11)
    at Object.relative (path.js:1266:5)
    at getSiteName (/Users/maksimlevedev/Documents/Sites/exp.firya.ru/webglearth/.sublime-gulp-tmp.js:40:19)
    at Object.<anonymous> (/Users/maksimlevedev/Documents/Sites/exp.firya.ru/webglearth/.sublime-gulp-tmp.js:52:7)
    at Module._compile (module.js:413:34)
    at Object.Module._extensions..js (module.js:422:10)
    at Module.load (module.js:357:32)
    at Function.Module._load (module.js:314:12)
    at Module.require (module.js:367:17)
    at require (internal/module.js:16:19)


07-01-2016 13:16:
/Users/maksimlevedev/Library/Application Support/Sublime Text 3/Packages/Gulp/write_tasks_to_cache.js:31
        throw ex;
        ^

TypeError: Path must be a string. Received undefined
    at assertPath (path.js:7:11)
    at Object.relative (path.js:1266:5)
    at getSiteName (/Users/maksimlevedev/Documents/Sites/exp.firya.ru/webglearth/.sublime-gulp-tmp.js:40:19)
    at Object.<anonymous> (/Users/maksimlevedev/Documents/Sites/exp.firya.ru/webglearth/.sublime-gulp-tmp.js:52:7)
    at Module._compile (module.js:413:34)
    at Object.Module._extensions..js (module.js:422:10)
    at Module.load (module.js:357:32)
    at Function.Module._load (module.js:314:12)
    at Module.require (module.js:367:17)
    at require (internal/module.js:16:19)
